\BOOKMARK [1][-]{section.1}{\376\377\000M\000o\000t\000i\000v\000a\000t\000i\000o\000n\000\040\000a\000n\000d\000\040\000S\000e\000t\000u\000p}{}% 1
\BOOKMARK [1][-]{section.2}{\376\377\000M\000n\000e\000m\000o\000n\000i\000c\000\040\000a\000n\000d\000\040\000D\000i\000d\000a\000c\000t\000i\000c\000\040\000F\000u\000n\000c\000t\000i\000o\000n\000\040\000o\000f\000\040\000t\000h\000e\000\040\000C\000o\000m\000p\000o\000s\000i\000t\000e\000\040\000T\000o\000k\000e\000n}{}% 2
\BOOKMARK [1][-]{section.3}{\376\377\000M\000e\000r\000e\000o\000l\000o\000g\000i\000c\000a\000l\000\040\000C\000o\000r\000e}{}% 3
\BOOKMARK [1][-]{section.4}{\376\377\000G\000l\000y\000p\000h\000s\000\040\000a\000s\000\040\000O\000p\000e\000r\000a\000t\000o\000r\000s\000,\000\040\000N\000o\000t\000\040\000D\000e\000c\000o\000r\000a\000t\000i\000o\000n\000s}{}% 4
\BOOKMARK [1][-]{section.5}{\376\377\000F\000o\000r\000w\000a\000r\000d\000\040\000a\000n\000d\000\040\000R\000e\000v\000e\000r\000s\000e\000\040\000R\000e\000a\000d\000i\000n\000g\000s}{}% 5
\BOOKMARK [1][-]{section.6}{\376\377\000A\000\040\000M\000i\000n\000i\000m\000a\000l\000\040\000F\000o\000r\000m\000a\000l\000\040\000R\000e\000a\000d\000i\000n\000g\000\040\000o\000f\000\040\000t\000h\000e\000\040\000G\000l\000y\000p\000h\000-\000S\000t\000r\000i\000n\000g}{}% 6
\BOOKMARK [1][-]{section.7}{\376\377\000F\000r\000o\000m\000\040\000P\000a\000r\000t\000s\000\040\000t\000o\000\040\000W\000h\000o\000l\000e\000s}{}% 7
\BOOKMARK [1][-]{section.8}{\376\377\000M\000e\000r\000e\000o\000l\000o\000g\000y\000\040\000a\000n\000d\000\040\000R\000e\000g\000i\000m\000e\000\040\000C\000h\000a\000n\000g\000e}{}% 8
\BOOKMARK [1][-]{section.9}{\376\377\000O\000b\000s\000e\000r\000v\000e\000r\000-\000I\000n\000d\000e\000x\000e\000d\000\040\000O\000n\000t\000o\000l\000o\000g\000y}{}% 9
\BOOKMARK [1][-]{section.10}{\376\377\000F\000i\000l\000a\000m\000e\000n\000t\000a\000r\000y\000\040\000S\000t\000r\000u\000c\000t\000u\000r\000e\000\040\000a\000n\000d\000\040\000N\000o\000n\000-\000L\000o\000c\000a\000l\000\040\000W\000h\000o\000l\000e\000s}{}% 10
\BOOKMARK [1][-]{section.11}{\376\377\000V\000a\000c\000u\000u\000m\000\040\000a\000s\000\040\000O\000n\000t\000o\000l\000o\000g\000i\000c\000a\000l\000\040\000C\000o\000n\000d\000i\000t\000i\000o\000n}{}% 11
\BOOKMARK [1][-]{section.12}{\376\377\000T\000e\000c\000h\000n\000o\000l\000o\000g\000i\000c\000a\000l\000\040\000A\000c\000c\000r\000e\000t\000i\000o\000n\000\040\000a\000n\000d\000\040\000A\000r\000t\000i\000f\000i\000c\000i\000a\000l\000\040\000M\000e\000r\000e\000o\000l\000o\000g\000y}{}% 12
\BOOKMARK [1][-]{section.13}{\376\377\000C\000o\000n\000s\000t\000e\000l\000l\000a\000t\000i\000o\000n\000a\000l\000\040\000P\000a\000r\000t\000i\000t\000i\000o\000n\000i\000n\000g\000\040\000a\000n\000d\000\040\000C\000o\000g\000n\000i\000t\000i\000v\000e\000\040\000I\000m\000p\000o\000s\000i\000t\000i\000o\000n}{}% 13
\BOOKMARK [1][-]{section.14}{\376\377\000E\000n\000t\000r\000o\000p\000y\000\040\000a\000n\000d\000\040\000S\000t\000a\000b\000i\000l\000i\000t\000y\000\040\000A\000c\000r\000o\000s\000s\000\040\000S\000c\000a\000l\000e\000s}{}% 14
\BOOKMARK [1][-]{section.15}{\376\377\000T\000h\000e\000\040\000M\000S\000O\000\040\000a\000s\000\040\000B\000i\000d\000i\000r\000e\000c\000t\000i\000o\000n\000a\000l\000\040\000L\000a\000d\000d\000e\000r}{}% 15
\BOOKMARK [1][-]{section.16}{\376\377\000C\000o\000n\000n\000e\000c\000t\000i\000o\000n\000\040\000t\000o\000\040\000t\000h\000e\000\040\000R\000e\000l\000a\000t\000i\000v\000i\000s\000t\000i\000c\000\040\000S\000c\000a\000l\000a\000r\040\023\000V\000e\000c\000t\000o\000r\000\040\000P\000l\000e\000n\000u\000m\000\040\000\050\000R\000S\000V\000P\000\051}{}% 16
\BOOKMARK [2][-]{subsection.16.1}{\376\377\000M\000e\000r\000e\000o\000l\000o\000g\000i\000c\000a\000l\000\040\000S\000t\000a\000b\000i\000l\000i\000z\000a\000t\000i\000o\000n\000\040\000a\000s\000\040\000E\000n\000t\000r\000o\000p\000i\000c\000\040\000C\000o\000n\000s\000t\000r\000a\000i\000n\000t}{section.16}% 17
\BOOKMARK [2][-]{subsection.16.2}{\376\377\000S\000c\000a\000l\000e\000-\000I\000n\000d\000e\000x\000e\000d\000\040\000M\000e\000r\000e\000o\000l\000o\000g\000y\000\040\000a\000s\000\040\000E\000f\000f\000e\000c\000t\000i\000v\000e\000\040\000F\000i\000e\000l\000d\000\040\000T\000h\000e\000o\000r\000y}{section.16}% 18
\BOOKMARK [2][-]{subsection.16.3}{\376\377\000O\000b\000s\000e\000r\000v\000e\000r\000\040\000a\000s\000\040\000F\000i\000e\000l\000d\000\040\000S\000u\000b\000c\000o\000n\000f\000i\000g\000u\000r\000a\000t\000i\000o\000n}{section.16}% 19
\BOOKMARK [2][-]{subsection.16.4}{\376\377\000F\000i\000l\000a\000m\000e\000n\000t\000s\000\040\000a\000n\000d\000\040\000L\000a\000m\000p\000h\000r\000o\000d\000y\000n\000a\000m\000i\000c\000\040\000C\000o\000n\000n\000e\000c\000t\000i\000v\000i\000t\000y}{section.16}% 20
\BOOKMARK [2][-]{subsection.16.5}{\376\377\000H\000o\000r\000i\000z\000o\000n\000\040\000a\000n\000d\000\040\000B\000o\000u\000n\000d\000a\000r\000y\000\040\000C\000o\000n\000d\000i\000t\000i\000o\000n\000s}{section.16}% 21
\BOOKMARK [2][-]{subsection.16.6}{\376\377\000S\000y\000n\000t\000h\000e\000s\000i\000s}{section.16}% 22
\BOOKMARK [1][-]{section.17}{\376\377\000M\000e\000a\000s\000u\000r\000e\000-\000T\000h\000e\000o\000r\000e\000t\000i\000c\000\040\000S\000t\000a\000b\000i\000l\000i\000t\000y\000\040\000C\000r\000i\000t\000e\000r\000i\000o\000n}{}% 23
\BOOKMARK [1][-]{section.18}{\376\377\000S\000p\000e\000c\000t\000r\000a\000l\000\040\000a\000n\000d\000\040\000T\000o\000p\000o\000l\000o\000g\000i\000c\000a\000l\000\040\000T\000r\000e\000a\000t\000m\000e\000n\000t\000\040\000o\000f\000\040\000R\000e\000g\000i\000m\000e\000\040\000T\000r\000a\000n\000s\000i\000t\000i\000o\000n\000s}{}% 24
\BOOKMARK [2][-]{subsection.18.1}{\376\377\000S\000p\000e\000c\000t\000r\000a\000l\000\040\000V\000i\000e\000w\000:\000\040\000M\000o\000d\000e\000\040\000S\000e\000l\000e\000c\000t\000i\000o\000n\000\040\000a\000n\000d\000\040\000G\000a\000p\000\040\000O\000p\000e\000n\000i\000n\000g}{section.18}% 25
\BOOKMARK [2][-]{subsection.18.2}{\376\377\000T\000o\000p\000o\000l\000o\000g\000i\000c\000a\000l\000\040\000V\000i\000e\000w\000:\000\040\000A\000t\000t\000r\000a\000c\000t\000o\000r\000s\000,\000\040\000S\000t\000r\000a\000t\000i\000f\000i\000c\000a\000t\000i\000o\000n\000,\000\040\000a\000n\000d\000\040\000C\000r\000i\000t\000i\000c\000a\000l\000\040\000L\000o\000c\000i}{section.18}% 26
\BOOKMARK [2][-]{subsection.18.3}{\376\377\000S\000t\000r\000a\000t\000i\000f\000i\000e\000d\000\040\000S\000t\000a\000t\000e\000\040\000S\000p\000a\000c\000e\000s\000\040\000a\000n\000d\000\040\000R\000e\000g\000i\000m\000e\000\040\000S\000h\000e\000a\000v\000e\000s}{section.18}% 27
\BOOKMARK [2][-]{subsection.18.4}{\376\377\000S\000y\000n\000t\000h\000e\000s\000i\000s\000:\000\040\000T\000w\000o\000\040\000C\000r\000i\000t\000e\000r\000i\000a\000\040\000f\000o\000r\000\040\000M\000S\000O\000\040\000R\000e\000g\000i\000m\000e\000\040\000B\000o\000u\000n\000d\000a\000r\000i\000e\000s}{section.18}% 28
\BOOKMARK [1][-]{section.19}{\376\377\000A\000\040\000C\000a\000t\000e\000g\000o\000r\000y\000-\000T\000h\000e\000o\000r\000e\000t\000i\000c\000\040\000R\000e\000f\000o\000r\000m\000u\000l\000a\000t\000i\000o\000n\000\040\000o\000f\000\040\000t\000h\000e\000\040\000M\000S\000O}{}% 29
\BOOKMARK [2][-]{subsection.19.1}{\376\377\000M\000e\000r\000e\000o\000l\000o\000g\000y\000\040\000a\000s\000\040\000a\000\040\000T\000h\000i\000n\000\040\000C\000a\000t\000e\000g\000o\000r\000y}{section.19}% 30
\BOOKMARK [2][-]{subsection.19.2}{\376\377\000S\000c\000a\000l\000e\000\040\000a\000s\000\040\000a\000n\000\040\000I\000n\000d\000e\000x\000i\000n\000g\000\040\000C\000a\000t\000e\000g\000o\000r\000y}{section.19}% 31
\BOOKMARK [2][-]{subsection.19.3}{\376\377\000R\000e\000g\000i\000m\000e\000\040\000T\000r\000a\000n\000s\000i\000t\000i\000o\000n\000s\000\040\000a\000s\000\040\000C\000h\000a\000n\000g\000e\000\040\000o\000f\000\040\000M\000o\000n\000o\000i\000d\000a\000l\000\040\000S\000t\000r\000u\000c\000t\000u\000r\000e}{section.19}% 32
\BOOKMARK [2][-]{subsection.19.4}{\376\377\000S\000t\000a\000b\000i\000l\000i\000t\000y\000\040\000a\000s\000\040\000a\000\040\000S\000u\000b\000c\000a\000t\000e\000g\000o\000r\000y\000\040\000o\000f\000\040\000P\000e\000r\000s\000i\000s\000t\000e\000n\000t\000\040\000O\000b\000j\000e\000c\000t\000s}{section.19}% 33
\BOOKMARK [2][-]{subsection.19.5}{\376\377\000F\000i\000l\000a\000m\000e\000n\000t\000a\000r\000y\000\040\000C\000o\000n\000n\000e\000c\000t\000i\000v\000i\000t\000y\000\040\000a\000s\000\040\000H\000i\000g\000h\000e\000r\000\040\000M\000o\000r\000p\000h\000i\000s\000m\000s}{section.19}% 34
\BOOKMARK [2][-]{subsection.19.6}{\376\377\000O\000b\000s\000e\000r\000v\000e\000r\000\040\000a\000s\000\040\000I\000n\000t\000e\000r\000n\000a\000l\000\040\000F\000u\000n\000c\000t\000o\000r}{section.19}% 35
\BOOKMARK [2][-]{subsection.19.7}{\376\377\000R\000e\000g\000i\000m\000e\000\040\000B\000o\000u\000n\000d\000a\000r\000i\000e\000s\000\040\000a\000s\000\040\000C\000h\000a\000n\000g\000e\000s\000\040\000i\000n\000\040\000F\000i\000b\000e\000r\000e\000d\000\040\000S\000t\000r\000u\000c\000t\000u\000r\000e}{section.19}% 36
\BOOKMARK [2][-]{subsection.19.8}{\376\377\000S\000y\000n\000t\000h\000e\000s\000i\000s}{section.19}% 37
\BOOKMARK [1][-]{section.20}{\376\377\000A\000n\000\040\000I\000n\000t\000e\000r\000p\000r\000e\000t\000a\000t\000i\000o\000n\000\040\000o\000f\000\040\000t\000h\000e\000\040\000M\000S\000O\000\040\000a\000s\000\040\000a\000\040\000F\000i\000n\000i\000t\000e\000\040\000L\000i\000e\000\040\000A\000l\000g\000e\000b\000r\000a}{}% 38
\BOOKMARK [2][-]{subsection.20.1}{\376\377\000T\000h\000e\000\040\000M\000S\000O\000\040\000L\000i\000e\000\040\000A\000l\000g\000e\000b\000r\000a\000\040\000o\000f\000\040\000R\000e\000g\000i\000m\000e\000\040\000O\000p\000e\000r\000a\000t\000o\000r\000s}{section.20}% 39
\BOOKMARK [2][-]{subsection.20.2}{\376\377\000A\000\040\000G\000r\000a\000d\000e\000d\000\040\000S\000t\000r\000u\000c\000t\000u\000r\000e\000\040\000b\000y\000\040\000S\000c\000a\000l\000e}{section.20}% 40
\BOOKMARK [2][-]{subsection.20.3}{\376\377\000S\000t\000r\000u\000c\000t\000u\000r\000e\000\040\000C\000o\000n\000s\000t\000a\000n\000t\000s\000\040\000a\000s\000\040\000R\000e\000g\000i\000m\000e\000-\000T\000r\000a\000n\000s\000i\000t\000i\000o\000n\000\040\000C\000o\000u\000p\000l\000i\000n\000g\000s}{section.20}% 41
\BOOKMARK [2][-]{subsection.20.4}{\376\377\000A\000\040\000M\000i\000n\000i\000m\000a\000l\000\040\000S\000o\000l\000v\000a\000b\000l\000e\000\040\000M\000o\000d\000e\000l\000\040\000w\000i\000t\000h\000\040\000a\000\040\000S\000c\000a\000l\000e\000\040\000D\000e\000r\000i\000v\000a\000t\000i\000o\000n}{section.20}% 42
\BOOKMARK [2][-]{subsection.20.5}{\376\377\000A\000\040\000P\000a\000t\000h\000-\000A\000l\000g\000e\000b\000r\000a\000\040\000B\000r\000a\000c\000k\000e\000t\000\040\000f\000r\000o\000m\000\040\000t\000h\000e\000\040\000M\000S\000O\000\040\000C\000h\000a\000i\000n}{section.20}% 43
\BOOKMARK [2][-]{subsection.20.6}{\376\377\000I\000n\000t\000e\000r\000p\000r\000e\000t\000i\000v\000e\000\040\000P\000a\000y\000o\000f\000f}{section.20}% 44
\BOOKMARK [1][-]{section.21}{\376\377\000C\000o\000n\000c\000l\000u\000s\000i\000o\000n\000:\000\040\000T\000h\000e\000\040\000M\000S\000O\000\040\000a\000s\000\040\000a\000\040\000D\000i\000s\000c\000i\000p\000l\000i\000n\000e\000\040\000o\000f\000\040\000L\000a\000y\000e\000r\000e\000d\000\040\000D\000e\000s\000c\000r\000i\000p\000t\000i\000o\000n}{}% 45
